Determining if the pthread_create exist failed with the following output:
Change Dir: /home/pengzhan/Github/dlib/cmake-build-debug/CMakeFiles/CMakeTmp

Run Build Command:"/usr/bin/make" "cmTC_983ae/fast"
/usr/bin/make -f CMakeFiles/cmTC_983ae.dir/build.make CMakeFiles/cmTC_983ae.dir/build
make[1]: Entering directory '/home/pengzhan/Github/dlib/cmake-build-debug/CMakeFiles/CMakeTmp'
Building C object CMakeFiles/cmTC_983ae.dir/CheckSymbolExists.c.o
/usr/bin/cc    -o CMakeFiles/cmTC_983ae.dir/CheckSymbolExists.c.o   -c /home/pengzhan/Github/dlib/cmake-build-debug/CMakeFiles/CMakeTmp/CheckSymbolExists.c
Linking C executable cmTC_983ae
/home/pengzhan/Programs/clion-2018.1.2/bin/cmake/bin/cmake -E cmake_link_script CMakeFiles/cmTC_983ae.dir/link.txt --verbose=1
/usr/bin/cc      -rdynamic CMakeFiles/cmTC_983ae.dir/CheckSymbolExists.c.o  -o cmTC_983ae 
CMakeFiles/cmTC_983ae.dir/CheckSymbolExists.c.o: In function `main':
CheckSymbolExists.c:(.text+0x1b): undefined reference to `pthread_create'
collect2: error: ld returned 1 exit status
CMakeFiles/cmTC_983ae.dir/build.make:97: recipe for target 'cmTC_983ae' failed
make[1]: *** [cmTC_983ae] Error 1
make[1]: Leaving directory '/home/pengzhan/Github/dlib/cmake-build-debug/CMakeFiles/CMakeTmp'
Makefile:126: recipe for target 'cmTC_983ae/fast' failed
make: *** [cmTC_983ae/fast] Error 2

File /home/pengzhan/Github/dlib/cmake-build-debug/CMakeFiles/CMakeTmp/CheckSymbolExists.c:
/* */
#include <pthread.h>

int main(int argc, char** argv)
{
  (void)argv;
#ifndef pthread_create
  return ((int*)(&pthread_create))[argc];
#else
  (void)argc;
  return 0;
#endif
}

Determining if the function pthread_create exists in the pthreads failed with the following output:
Change Dir: /home/pengzhan/Github/dlib/cmake-build-debug/CMakeFiles/CMakeTmp

Run Build Command:"/usr/bin/make" "cmTC_bb57a/fast"
/usr/bin/make -f CMakeFiles/cmTC_bb57a.dir/build.make CMakeFiles/cmTC_bb57a.dir/build
make[1]: Entering directory '/home/pengzhan/Github/dlib/cmake-build-debug/CMakeFiles/CMakeTmp'
Building C object CMakeFiles/cmTC_bb57a.dir/CheckFunctionExists.c.o
/usr/bin/cc   -DCHECK_FUNCTION_EXISTS=pthread_create   -o CMakeFiles/cmTC_bb57a.dir/CheckFunctionExists.c.o   -c /home/pengzhan/Programs/clion-2018.1.2/bin/cmake/share/cmake-3.10/Modules/CheckFunctionExists.c
Linking C executable cmTC_bb57a
/home/pengzhan/Programs/clion-2018.1.2/bin/cmake/bin/cmake -E cmake_link_script CMakeFiles/cmTC_bb57a.dir/link.txt --verbose=1
/usr/bin/cc  -DCHECK_FUNCTION_EXISTS=pthread_create    -rdynamic CMakeFiles/cmTC_bb57a.dir/CheckFunctionExists.c.o  -o cmTC_bb57a -lpthreads 
/usr/bin/ld: cannot find -lpthreads
collect2: error: ld returned 1 exit status
CMakeFiles/cmTC_bb57a.dir/build.make:97: recipe for target 'cmTC_bb57a' failed
make[1]: *** [cmTC_bb57a] Error 1
make[1]: Leaving directory '/home/pengzhan/Github/dlib/cmake-build-debug/CMakeFiles/CMakeTmp'
Makefile:126: recipe for target 'cmTC_bb57a/fast' failed
make: *** [cmTC_bb57a/fast] Error 2


